<?xml version="1.0" encoding="UTF-8"?>
<!-- Generated by org.testng.reporters.JUnitXMLReporter -->
<testsuite hostname="KisanAbhi-PC" name="Default test(failed)" tests="1" failures="1" timestamp="22 Feb 2018 11:51:22 GMT" time="0.109" errors="0">
  <testcase name="editUSerProfile" time="0.078" classname="testCases.EditUserProfile">
    <failure type="java.lang.NullPointerException">
      <![CDATA[java.lang.NullPointerException
	at com.google.common.base.Preconditions.checkNotNull(Preconditions.java:770)
	at org.openqa.selenium.support.ui.FluentWait.<init>(FluentWait.java:96)
	at org.openqa.selenium.support.ui.WebDriverWait.<init>(WebDriverWait.java:71)
	at org.openqa.selenium.support.ui.WebDriverWait.<init>(WebDriverWait.java:45)
	at utility.BaseClass.waitTillElementPresent(BaseClass.java:100)
	at pageObjects.LeftDrawer.clickLeftDrawerBtn(LeftDrawer.java:21)
	at testCases.EditUserProfile.editUSerProfile(EditUserProfile.java:14)
... Removed 24 stack frames]]>
    </failure>
  </testcase> <!-- editUSerProfile -->
</testsuite> <!-- Default test(failed) -->
