<?xml version="1.0" encoding="UTF-8"?>
<!-- Generated by org.testng.reporters.JUnitXMLReporter -->
<testsuite hostname="KisanAbhi-PC" name="ChangeLanguage" tests="1" failures="1" timestamp="23 Feb 2018 13:23:26 GMT" time="0.073" errors="0">
  <testcase name="changeLanguage" time="0.069" classname="testCases.ChangeLanguage">
    <failure type="org.openqa.selenium.WebDriverException" message="Element &amp;lt;button type=&amp;quot;button&amp;quot;&amp;gt; is not clickable at point (70.79166412353516,31) because another element &amp;lt;div&amp;gt; obscures it
Build info: version: &amp;apos;3.3.1&amp;apos;, revision: &amp;apos;5234b32&amp;apos;, time: &amp;apos;2017-03-10 09:04:52 -0800&amp;apos;
System info: host: &amp;apos;KISANABHI-PC&amp;apos;, ip: &amp;apos;192.168.1.100&amp;apos;, os.name: &amp;apos;Windows 7&amp;apos;, os.arch: &amp;apos;amd64&amp;apos;, os.version: &amp;apos;6.1&amp;apos;, java.version: &amp;apos;1.8.0_161&amp;apos;
Driver info: org.openqa.selenium.firefox.FirefoxDriver
Capabilities [{moz:profile=C:\Users\KisanAbhi\AppData\Local\Temp\rust_mozprofile.zgE5wykImeCq, rotatable=false, timeouts={implicit=0, pageLoad=300000, script=30000}, pageLoadStrategy=normal, moz:headless=false, platform=ANY, moz:accessibilityChecks=false, moz:useNonSpecCompliantPointerOrigin=false, acceptInsecureCerts=false, browserVersion=59.0, platformVersion=6.1, moz:processID=8536, browserName=firefox, platformName=windows_nt, moz:webdriverClick=true}]
Session ID: 10efefe1-1c1e-44de-b2b1-20eb141fdb8a">
      <![CDATA[org.openqa.selenium.WebDriverException: Element <button type="button"> is not clickable at point (70.79166412353516,31) because another element <div> obscures it
Build info: version: '3.3.1', revision: '5234b32', time: '2017-03-10 09:04:52 -0800'
System info: host: 'KISANABHI-PC', ip: '192.168.1.100', os.name: 'Windows 7', os.arch: 'amd64', os.version: '6.1', java.version: '1.8.0_161'
Driver info: org.openqa.selenium.firefox.FirefoxDriver
Capabilities [{moz:profile=C:\Users\KisanAbhi\AppData\Local\Temp\rust_mozprofile.zgE5wykImeCq, rotatable=false, timeouts={implicit=0, pageLoad=300000, script=30000}, pageLoadStrategy=normal, moz:headless=false, platform=ANY, moz:accessibilityChecks=false, moz:useNonSpecCompliantPointerOrigin=false, acceptInsecureCerts=false, browserVersion=59.0, platformVersion=6.1, moz:processID=8536, browserName=firefox, platformName=windows_nt, moz:webdriverClick=true}]
Session ID: 10efefe1-1c1e-44de-b2b1-20eb141fdb8a
	at org.openqa.selenium.remote.http.W3CHttpResponseCodec.createException(W3CHttpResponseCodec.java:133)
	at org.openqa.selenium.remote.http.W3CHttpResponseCodec.decode(W3CHttpResponseCodec.java:99)
	at org.openqa.selenium.remote.http.W3CHttpResponseCodec.decode(W3CHttpResponseCodec.java:43)
	at org.openqa.selenium.remote.HttpCommandExecutor.execute(HttpCommandExecutor.java:163)
	at org.openqa.selenium.remote.service.DriverCommandExecutor.execute(DriverCommandExecutor.java:82)
	at org.openqa.selenium.remote.RemoteWebDriver.execute(RemoteWebDriver.java:604)
	at org.openqa.selenium.remote.RemoteWebElement.execute(RemoteWebElement.java:274)
	at org.openqa.selenium.remote.RemoteWebElement.click(RemoteWebElement.java:84)
	at pageObjects.LeftDrawer.clickLeftDrawerBtn(LeftDrawer.java:21)
	at testCases.ChangeLanguage.changeLanguage(ChangeLanguage.java:14)
... Removed 28 stack frames]]>
    </failure>
  </testcase> <!-- changeLanguage -->
</testsuite> <!-- ChangeLanguage -->
