<?xml version="1.0" encoding="UTF-8"?>
<!-- Generated by org.testng.reporters.JUnitXMLReporter -->
<testsuite hostname="KisanAbhi-PC" name="Edit Channel Profile" tests="1" failures="1" timestamp="27 Feb 2018 12:38:11 GMT" time="51.256" errors="0">
  <testcase name="@AfterClass navigateToMyChat" time="0.0" classname="testCases.EditChannelProfile">
    <failure type="org.openqa.selenium.WebDriverException" message="Element &amp;lt;button type=&amp;quot;button&amp;quot;&amp;gt; is not clickable at point (33.28333282470703,31) because another element &amp;lt;div class=&amp;quot;cdk-overlay-backdrop cdk-overlay-transparent-backdrop cdk-overlay-backdrop-showing&amp;quot;&amp;gt; obscures it
Build info: version: &amp;apos;3.3.1&amp;apos;, revision: &amp;apos;5234b32&amp;apos;, time: &amp;apos;2017-03-10 09:04:52 -0800&amp;apos;
System info: host: &amp;apos;KISANABHI-PC&amp;apos;, ip: &amp;apos;192.168.1.103&amp;apos;, os.name: &amp;apos;Windows 7&amp;apos;, os.arch: &amp;apos;amd64&amp;apos;, os.version: &amp;apos;6.1&amp;apos;, java.version: &amp;apos;1.8.0_161&amp;apos;
Driver info: org.openqa.selenium.firefox.FirefoxDriver
Capabilities [{moz:profile=C:\Users\KisanAbhi\AppData\Local\Temp\rust_mozprofile.smZh9gIhOWeO, rotatable=false, timeouts={implicit=0, pageLoad=300000, script=30000}, pageLoadStrategy=normal, moz:headless=false, platform=ANY, moz:accessibilityChecks=false, acceptInsecureCerts=false, browserVersion=58.0.2, platformVersion=6.1, moz:processID=13248, browserName=firefox, platformName=windows_nt, moz:webdriverClick=true}]
Session ID: eb132e59-f4ed-4336-b2d4-4066611f196d">
      <![CDATA[org.openqa.selenium.WebDriverException: Element <button type="button"> is not clickable at point (33.28333282470703,31) because another element <div class="cdk-overlay-backdrop cdk-overlay-transparent-backdrop cdk-overlay-backdrop-showing"> obscures it
Build info: version: '3.3.1', revision: '5234b32', time: '2017-03-10 09:04:52 -0800'
System info: host: 'KISANABHI-PC', ip: '192.168.1.103', os.name: 'Windows 7', os.arch: 'amd64', os.version: '6.1', java.version: '1.8.0_161'
Driver info: org.openqa.selenium.firefox.FirefoxDriver
Capabilities [{moz:profile=C:\Users\KisanAbhi\AppData\Local\Temp\rust_mozprofile.smZh9gIhOWeO, rotatable=false, timeouts={implicit=0, pageLoad=300000, script=30000}, pageLoadStrategy=normal, moz:headless=false, platform=ANY, moz:accessibilityChecks=false, acceptInsecureCerts=false, browserVersion=58.0.2, platformVersion=6.1, moz:processID=13248, browserName=firefox, platformName=windows_nt, moz:webdriverClick=true}]
Session ID: eb132e59-f4ed-4336-b2d4-4066611f196d
	at org.openqa.selenium.remote.http.W3CHttpResponseCodec.createException(W3CHttpResponseCodec.java:133)
	at org.openqa.selenium.remote.http.W3CHttpResponseCodec.decode(W3CHttpResponseCodec.java:99)
	at org.openqa.selenium.remote.http.W3CHttpResponseCodec.decode(W3CHttpResponseCodec.java:43)
	at org.openqa.selenium.remote.HttpCommandExecutor.execute(HttpCommandExecutor.java:163)
	at org.openqa.selenium.remote.service.DriverCommandExecutor.execute(DriverCommandExecutor.java:82)
	at org.openqa.selenium.remote.RemoteWebDriver.execute(RemoteWebDriver.java:604)
	at org.openqa.selenium.remote.RemoteWebElement.execute(RemoteWebElement.java:274)
	at org.openqa.selenium.remote.RemoteWebElement.click(RemoteWebElement.java:84)
	at pageObjects.LeftDrawer.clickLeftDrawerBtn(LeftDrawer.java:21)
	at pageObjects.MyChat.navigateToMyChat(MyChat.java:55)
	at testCases.EditChannelProfile.navigateToMyChat(EditChannelProfile.java:48)
... Removed 28 stack frames]]>
    </failure>
  </testcase> <!-- @AfterClass navigateToMyChat -->
  <testcase name="editChannelProfile" time="51.178" classname="testCases.EditChannelProfile">
    <failure type="org.openqa.selenium.TimeoutException" message="Expected condition failed: waiting for presence of element located by: By.xpath: (//i[@class=&amp;apos;zmdi zmdi-edit&amp;apos;])[1] (tried for 50 second(s) with 500 MILLISECONDS interval)">
      <![CDATA[org.openqa.selenium.TimeoutException: Expected condition failed: waiting for presence of element located by: By.xpath: (//i[@class='zmdi zmdi-edit'])[1] (tried for 50 second(s) with 500 MILLISECONDS interval)
	at org.openqa.selenium.support.ui.WebDriverWait.timeoutException(WebDriverWait.java:80)
	at org.openqa.selenium.support.ui.FluentWait.until(FluentWait.java:232)
	at utility.BaseClass.waitTillElementPresent(BaseClass.java:102)
	at pageObjects.ChannelProfile.clickEditChannelProfileBtn(ChannelProfile.java:41)
	at testCases.EditChannelProfile.editChannelProfile(EditChannelProfile.java:24)
Caused by: org.openqa.selenium.NoSuchElementException: Cannot locate an element using By.xpath: (//i[@class='zmdi zmdi-edit'])[1]
For documentation on this error, please visit: http://seleniumhq.org/exceptions/no_such_element.html
Build info: version: '3.3.1', revision: '5234b32', time: '2017-03-10 09:04:52 -0800'
System info: host: 'KISANABHI-PC', ip: '192.168.1.103', os.name: 'Windows 7', os.arch: 'amd64', os.version: '6.1', java.version: '1.8.0_161'
Driver info: driver.version: unknown
	at org.openqa.selenium.support.ui.ExpectedConditions.lambda$findElement$0(ExpectedConditions.java:899)
	at java.util.Optional.orElseThrow(Unknown Source)
	at org.openqa.selenium.support.ui.ExpectedConditions.findElement(ExpectedConditions.java:898)
	at org.openqa.selenium.support.ui.ExpectedConditions.access$000(ExpectedConditions.java:44)
	at org.openqa.selenium.support.ui.ExpectedConditions$6.apply(ExpectedConditions.java:184)
	at org.openqa.selenium.support.ui.ExpectedConditions$6.apply(ExpectedConditions.java:181)
	at org.openqa.selenium.support.ui.FluentWait.until(FluentWait.java:209)
	... 27 more
... Removed 24 stack frames]]>
    </failure>
  </testcase> <!-- editChannelProfile -->
</testsuite> <!-- Edit Channel Profile -->
