<?xml version="1.0" encoding="UTF-8"?>
<testng-results skipped="0" failed="0" total="12" passed="12">
  <reporter-output>
  </reporter-output>
  <suite name="Kisan_Net_Web_Automation" duration-ms="198648" started-at="2018-02-28T18:01:55Z" finished-at="2018-02-28T18:05:13Z">
    <groups>
    </groups>
    <test name="LoginTest" duration-ms="22750" started-at="2018-02-28T18:01:55Z" finished-at="2018-02-28T18:02:17Z">
      <class name="testCases.RegisterUser_TC">
        <test-method status="PASS" signature="execute_RegisterUser_TC()[pri:0, instance:testCases.RegisterUser_TC@2a742aa2]" name="execute_RegisterUser_TC" duration-ms="22719" started-at="2018-02-28T18:01:55Z" finished-at="2018-02-28T18:02:17Z">
        </test-method> <!-- execute_RegisterUser_TC -->
        <test-method status="PASS" signature="afterTest()[pri:0, instance:testCases.RegisterUser_TC@2a742aa2]" name="afterTest" is-config="true" duration-ms="0" started-at="2018-02-28T18:02:17Z" finished-at="2018-02-28T18:02:17Z">
        </test-method> <!-- afterTest -->
      </class> <!-- testCases.RegisterUser_TC -->
    </test> <!-- LoginTest -->
    <test name="CreateChannel" duration-ms="47321" started-at="2018-02-28T18:02:18Z" finished-at="2018-02-28T18:03:05Z">
      <class name="testCases.CreateChannel">
        <test-method status="PASS" signature="createPubChannel()[pri:0, instance:testCases.CreateChannel@6b57696f]" name="createPubChannel" duration-ms="22074" started-at="2018-02-28T18:02:18Z" description="Creating Public Channel" finished-at="2018-02-28T18:02:40Z">
        </test-method> <!-- createPubChannel -->
        <test-method status="PASS" signature="navigateToMyChat()[pri:0, instance:testCases.CreateChannel@6b57696f]" name="navigateToMyChat" is-config="true" duration-ms="1688" started-at="2018-02-28T18:02:40Z" finished-at="2018-02-28T18:02:41Z">
        </test-method> <!-- navigateToMyChat -->
        <test-method status="PASS" signature="createPvtChannel()[pri:0, instance:testCases.CreateChannel@6b57696f]" name="createPvtChannel" duration-ms="21895" started-at="2018-02-28T18:02:41Z" description="Creating Private Channel" finished-at="2018-02-28T18:03:03Z">
        </test-method> <!-- createPvtChannel -->
        <test-method status="PASS" signature="navigateToMyChat()[pri:0, instance:testCases.CreateChannel@6b57696f]" name="navigateToMyChat" is-config="true" duration-ms="1650" started-at="2018-02-28T18:03:03Z" finished-at="2018-02-28T18:03:05Z">
        </test-method> <!-- navigateToMyChat -->
      </class> <!-- testCases.CreateChannel -->
    </test> <!-- CreateChannel -->
    <test name="FollowChannel" duration-ms="12845" started-at="2018-02-28T18:03:05Z" finished-at="2018-02-28T18:03:18Z">
      <class name="testCases.FollowChannel">
        <test-method status="PASS" signature="followChannel()[pri:0, instance:testCases.FollowChannel@4abdb505]" name="followChannel" duration-ms="12829" started-at="2018-02-28T18:03:05Z" finished-at="2018-02-28T18:03:18Z">
        </test-method> <!-- followChannel -->
      </class> <!-- testCases.FollowChannel -->
    </test> <!-- FollowChannel -->
    <test name="SendTextToFollower" duration-ms="11956" started-at="2018-02-28T18:03:18Z" finished-at="2018-02-28T18:03:30Z">
      <class name="testCases.SendTextToFollower">
        <test-method status="PASS" signature="SendText()[pri:0, instance:testCases.SendTextToFollower@42d8062c]" name="SendText" duration-ms="10337" started-at="2018-02-28T18:03:18Z" finished-at="2018-02-28T18:03:28Z">
        </test-method> <!-- SendText -->
        <test-method status="PASS" signature="navigateToMyChat()[pri:0, instance:testCases.SendTextToFollower@42d8062c]" name="navigateToMyChat" is-config="true" duration-ms="1619" started-at="2018-02-28T18:03:28Z" finished-at="2018-02-28T18:03:30Z">
        </test-method> <!-- navigateToMyChat -->
      </class> <!-- testCases.SendTextToFollower -->
    </test> <!-- SendTextToFollower -->
    <test name="SendImageToFollower" duration-ms="21267" started-at="2018-02-28T18:03:30Z" finished-at="2018-02-28T18:03:51Z">
      <class name="testCases.SendImageToFollower">
        <test-method status="PASS" signature="sendImage()[pri:0, instance:testCases.SendImageToFollower@5f3a4b84]" name="sendImage" duration-ms="19581" started-at="2018-02-28T18:03:30Z" finished-at="2018-02-28T18:03:49Z">
        </test-method> <!-- sendImage -->
        <test-method status="PASS" signature="navigateToMyChat()[pri:0, instance:testCases.SendImageToFollower@5f3a4b84]" name="navigateToMyChat" is-config="true" duration-ms="1670" started-at="2018-02-28T18:03:49Z" finished-at="2018-02-28T18:03:51Z">
        </test-method> <!-- navigateToMyChat -->
      </class> <!-- testCases.SendImageToFollower -->
    </test> <!-- SendImageToFollower -->
    <test name="EditUserProfile" duration-ms="28649" started-at="2018-02-28T18:03:51Z" finished-at="2018-02-28T18:04:20Z">
      <class name="testCases.EditUserProfile">
        <test-method status="PASS" signature="editUSerProfile()[pri:0, instance:testCases.EditUserProfile@13c27452]" name="editUSerProfile" duration-ms="28649" started-at="2018-02-28T18:03:51Z" finished-at="2018-02-28T18:04:20Z">
        </test-method> <!-- editUSerProfile -->
      </class> <!-- testCases.EditUserProfile -->
    </test> <!-- EditUserProfile -->
    <test name="ChangeLanguage" duration-ms="880" started-at="2018-02-28T18:04:20Z" finished-at="2018-02-28T18:04:20Z">
      <class name="testCases.ChangeLanguage">
        <test-method status="PASS" signature="changeLanguage()[pri:0, instance:testCases.ChangeLanguage@a38d7a3]" name="changeLanguage" duration-ms="880" started-at="2018-02-28T18:04:20Z" finished-at="2018-02-28T18:04:20Z">
        </test-method> <!-- changeLanguage -->
      </class> <!-- testCases.ChangeLanguage -->
    </test> <!-- ChangeLanguage -->
    <test name="SendTextToAdmin" duration-ms="10678" started-at="2018-02-28T18:04:20Z" finished-at="2018-02-28T18:04:31Z">
      <class name="testCases.SendTextToAdmin">
        <test-method status="PASS" signature="SendText()[pri:0, instance:testCases.SendTextToAdmin@87f383f]" name="SendText" duration-ms="8975" started-at="2018-02-28T18:04:20Z" finished-at="2018-02-28T18:04:29Z">
        </test-method> <!-- SendText -->
        <test-method status="PASS" signature="navigateToMyChat()[pri:0, instance:testCases.SendTextToAdmin@87f383f]" name="navigateToMyChat" is-config="true" duration-ms="1703" started-at="2018-02-28T18:04:29Z" finished-at="2018-02-28T18:04:31Z">
        </test-method> <!-- navigateToMyChat -->
      </class> <!-- testCases.SendTextToAdmin -->
    </test> <!-- SendTextToAdmin -->
    <test name="SendImageToAdmin" duration-ms="11359" started-at="2018-02-28T18:04:31Z" finished-at="2018-02-28T18:04:43Z">
      <class name="testCases.SendImageToAdmin">
        <test-method status="PASS" signature="sendImage()[pri:0, instance:testCases.SendImageToAdmin@1b26f7b2]" name="sendImage" duration-ms="9703" started-at="2018-02-28T18:04:31Z" finished-at="2018-02-28T18:04:41Z">
        </test-method> <!-- sendImage -->
        <test-method status="PASS" signature="navigateToMyChat()[pri:0, instance:testCases.SendImageToAdmin@1b26f7b2]" name="navigateToMyChat" is-config="true" duration-ms="1640" started-at="2018-02-28T18:04:41Z" finished-at="2018-02-28T18:04:43Z">
        </test-method> <!-- navigateToMyChat -->
      </class> <!-- testCases.SendImageToAdmin -->
    </test> <!-- SendImageToAdmin -->
    <test name="Edit Channel Profile" duration-ms="29927" started-at="2018-02-28T18:04:43Z" finished-at="2018-02-28T18:05:12Z">
      <class name="testCases.EditChannelProfile">
        <test-method status="PASS" signature="editChannelProfile()[pri:0, instance:testCases.EditChannelProfile@66d1af89]" name="editChannelProfile" duration-ms="27241" started-at="2018-02-28T18:04:43Z" finished-at="2018-02-28T18:05:10Z">
        </test-method> <!-- editChannelProfile -->
        <test-method status="PASS" signature="navigateToMyChat()[pri:0, instance:testCases.EditChannelProfile@66d1af89]" name="navigateToMyChat" is-config="true" duration-ms="2686" started-at="2018-02-28T18:05:10Z" finished-at="2018-02-28T18:05:12Z">
        </test-method> <!-- navigateToMyChat -->
      </class> <!-- testCases.EditChannelProfile -->
    </test> <!-- Edit Channel Profile -->
    <test name="Logout" duration-ms="954" started-at="2018-02-28T18:05:12Z" finished-at="2018-02-28T18:05:13Z">
      <class name="testCases.RegisterUser_TC">
        <test-method status="PASS" signature="beforeRegister_TC()[pri:0, instance:testCases.RegisterUser_TC@2a742aa2]" name="beforeRegister_TC" is-config="true" duration-ms="48432" started-at="2018-02-28T18:01:06Z" finished-at="2018-02-28T18:01:55Z">
        </test-method> <!-- beforeRegister_TC -->
      </class> <!-- testCases.RegisterUser_TC -->
      <class name="testCases.Logout">
        <test-method status="PASS" signature="logout()[pri:0, instance:testCases.Logout@52f759d7]" name="logout" duration-ms="954" started-at="2018-02-28T18:05:12Z" finished-at="2018-02-28T18:05:13Z">
        </test-method> <!-- logout -->
      </class> <!-- testCases.Logout -->
    </test> <!-- Logout -->
  </suite> <!-- Kisan_Net_Web_Automation -->
</testng-results>
