<?xml version="1.0" encoding="UTF-8"?>
<testng-results skipped="0" failed="0" total="10" passed="10">
  <reporter-output>
  </reporter-output>
  <suite name="Kisan_Net_Web_Automation" duration-ms="133969" started-at="2018-02-26T17:44:45Z" finished-at="2018-02-26T17:46:59Z">
    <groups>
    </groups>
    <test name="LoginTest" duration-ms="18992" started-at="2018-02-26T17:44:45Z" finished-at="2018-02-26T17:45:04Z">
      <class name="testCases.RegisterUser_TC">
        <test-method status="PASS" signature="execute_RegisterUser_TC()[pri:0, instance:testCases.RegisterUser_TC@2344fc66]" name="execute_RegisterUser_TC" duration-ms="18973" started-at="2018-02-26T17:44:45Z" finished-at="2018-02-26T17:45:04Z">
        </test-method> <!-- execute_RegisterUser_TC -->
        <test-method status="PASS" signature="afterTest()[pri:0, instance:testCases.RegisterUser_TC@2344fc66]" name="afterTest" is-config="true" duration-ms="1" started-at="2018-02-26T17:45:04Z" finished-at="2018-02-26T17:45:04Z">
        </test-method> <!-- afterTest -->
      </class> <!-- testCases.RegisterUser_TC -->
    </test> <!-- LoginTest -->
    <test name="CreateChannel" duration-ms="37920" started-at="2018-02-26T17:45:04Z" finished-at="2018-02-26T17:45:42Z">
      <class name="testCases.CreateChannel">
        <test-method status="PASS" signature="createPubChannel()[pri:0, instance:testCases.CreateChannel@6cc4c815]" name="createPubChannel" duration-ms="17731" started-at="2018-02-26T17:45:04Z" description="Creating Public Channel" finished-at="2018-02-26T17:45:22Z">
        </test-method> <!-- createPubChannel -->
        <test-method status="PASS" signature="navigateToMyChat()[pri:0, instance:testCases.CreateChannel@6cc4c815]" name="navigateToMyChat" is-config="true" duration-ms="1335" started-at="2018-02-26T17:45:22Z" finished-at="2018-02-26T17:45:24Z">
        </test-method> <!-- navigateToMyChat -->
        <test-method status="PASS" signature="createPvtChannel()[pri:0, instance:testCases.CreateChannel@6cc4c815]" name="createPvtChannel" duration-ms="17491" started-at="2018-02-26T17:45:24Z" description="Creating Private Channel" finished-at="2018-02-26T17:45:41Z">
        </test-method> <!-- createPvtChannel -->
        <test-method status="PASS" signature="navigateToMyChat()[pri:0, instance:testCases.CreateChannel@6cc4c815]" name="navigateToMyChat" is-config="true" duration-ms="1358" started-at="2018-02-26T17:45:41Z" finished-at="2018-02-26T17:45:42Z">
        </test-method> <!-- navigateToMyChat -->
      </class> <!-- testCases.CreateChannel -->
    </test> <!-- CreateChannel -->
    <test name="FollowChannel" duration-ms="11968" started-at="2018-02-26T17:45:42Z" finished-at="2018-02-26T17:45:54Z">
      <class name="testCases.FollowChannel">
        <test-method status="PASS" signature="followChannel()[pri:0, instance:testCases.FollowChannel@5034c75a]" name="followChannel" duration-ms="11965" started-at="2018-02-26T17:45:42Z" finished-at="2018-02-26T17:45:54Z">
        </test-method> <!-- followChannel -->
      </class> <!-- testCases.FollowChannel -->
    </test> <!-- FollowChannel -->
    <test name="SendTextToFollower" duration-ms="5659" started-at="2018-02-26T17:45:54Z" finished-at="2018-02-26T17:46:00Z">
      <class name="testCases.SendTextToFollower">
        <test-method status="PASS" signature="SendText()[pri:0, instance:testCases.SendTextToFollower@4520ebad]" name="SendText" duration-ms="4369" started-at="2018-02-26T17:45:54Z" finished-at="2018-02-26T17:45:59Z">
        </test-method> <!-- SendText -->
        <test-method status="PASS" signature="navigateToMyChat()[pri:0, instance:testCases.SendTextToFollower@4520ebad]" name="navigateToMyChat" is-config="true" duration-ms="1287" started-at="2018-02-26T17:45:59Z" finished-at="2018-02-26T17:46:00Z">
        </test-method> <!-- navigateToMyChat -->
      </class> <!-- testCases.SendTextToFollower -->
    </test> <!-- SendTextToFollower -->
    <test name="SendImageToFollower" duration-ms="18091" started-at="2018-02-26T17:46:00Z" finished-at="2018-02-26T17:46:18Z">
      <class name="testCases.SendImageToFollower">
        <test-method status="PASS" signature="sendImage()[pri:0, instance:testCases.SendImageToFollower@2a2d45ba]" name="sendImage" duration-ms="16739" started-at="2018-02-26T17:46:00Z" finished-at="2018-02-26T17:46:17Z">
        </test-method> <!-- sendImage -->
        <test-method status="PASS" signature="navigateToMyChat()[pri:0, instance:testCases.SendImageToFollower@2a2d45ba]" name="navigateToMyChat" is-config="true" duration-ms="1352" started-at="2018-02-26T17:46:17Z" finished-at="2018-02-26T17:46:18Z">
        </test-method> <!-- navigateToMyChat -->
      </class> <!-- testCases.SendImageToFollower -->
    </test> <!-- SendImageToFollower -->
    <test name="EditUserProfile" duration-ms="25839" started-at="2018-02-26T17:46:18Z" finished-at="2018-02-26T17:46:44Z">
      <class name="testCases.EditUserProfile">
        <test-method status="PASS" signature="editUSerProfile()[pri:0, instance:testCases.EditUserProfile@1593948d]" name="editUSerProfile" duration-ms="25837" started-at="2018-02-26T17:46:18Z" finished-at="2018-02-26T17:46:44Z">
        </test-method> <!-- editUSerProfile -->
      </class> <!-- testCases.EditUserProfile -->
    </test> <!-- EditUserProfile -->
    <test name="ChangeLanguage" duration-ms="454" started-at="2018-02-26T17:46:44Z" finished-at="2018-02-26T17:46:44Z">
      <class name="testCases.ChangeLanguage">
        <test-method status="PASS" signature="changeLanguage()[pri:0, instance:testCases.ChangeLanguage@6767c1fc]" name="changeLanguage" duration-ms="451" started-at="2018-02-26T17:46:44Z" finished-at="2018-02-26T17:46:44Z">
        </test-method> <!-- changeLanguage -->
      </class> <!-- testCases.ChangeLanguage -->
    </test> <!-- ChangeLanguage -->
    <test name="SendTextToAdmin" duration-ms="4408" started-at="2018-02-26T17:46:44Z" finished-at="2018-02-26T17:46:49Z">
      <class name="testCases.SendTextToAdmin">
        <test-method status="PASS" signature="SendText()[pri:0, instance:testCases.SendTextToAdmin@4b9e13df]" name="SendText" duration-ms="3054" started-at="2018-02-26T17:46:44Z" finished-at="2018-02-26T17:46:48Z">
        </test-method> <!-- SendText -->
        <test-method status="PASS" signature="navigateToMyChat()[pri:0, instance:testCases.SendTextToAdmin@4b9e13df]" name="navigateToMyChat" is-config="true" duration-ms="1346" started-at="2018-02-26T17:46:48Z" finished-at="2018-02-26T17:46:49Z">
        </test-method> <!-- navigateToMyChat -->
      </class> <!-- testCases.SendTextToAdmin -->
    </test> <!-- SendTextToAdmin -->
    <test name="SendImageToAdmin" duration-ms="10585" started-at="2018-02-26T17:46:49Z" finished-at="2018-02-26T17:46:59Z">
      <class name="testCases.SendImageToAdmin">
        <test-method status="PASS" signature="sendImage()[pri:0, instance:testCases.SendImageToAdmin@46d56d67]" name="sendImage" duration-ms="9265" started-at="2018-02-26T17:46:49Z" finished-at="2018-02-26T17:46:58Z">
        </test-method> <!-- sendImage -->
        <test-method status="PASS" signature="navigateToMyChat()[pri:0, instance:testCases.SendImageToAdmin@46d56d67]" name="navigateToMyChat" is-config="true" duration-ms="1320" started-at="2018-02-26T17:46:58Z" finished-at="2018-02-26T17:46:59Z">
        </test-method> <!-- navigateToMyChat -->
      </class> <!-- testCases.SendImageToAdmin -->
      <class name="testCases.RegisterUser_TC">
        <test-method status="PASS" signature="beforeRegister_TC()[pri:0, instance:testCases.RegisterUser_TC@2344fc66]" name="beforeRegister_TC" is-config="true" duration-ms="38513" started-at="2018-02-26T17:44:07Z" finished-at="2018-02-26T17:44:45Z">
        </test-method> <!-- beforeRegister_TC -->
      </class> <!-- testCases.RegisterUser_TC -->
    </test> <!-- SendImageToAdmin -->
  </suite> <!-- Kisan_Net_Web_Automation -->
</testng-results>
